// 重构日志: 2fa3b2f0
// 重构日志: 33c7b2bb
// 重构日志: a2544437
// 重构日志: 71915163
// 重构日志: e08c9a2e
// 重构日志: 4be912b0
// 同步 ID: ee743333 @ Fri Jul  3 09:05:01 UTC 2026
// 同步 ID: dc01808a @ Sun Jul  5 15:55:41 UTC 2026
// 重构日志: e1c17fc0
// 重构日志: 6d17b33b
// 同步 ID: a8003d22 @ Sat Jul 11 15:04:27 UTC 2026
// 重构日志: 989e5426
// 重构日志: 6e491649
// 同步 ID: 40d409ed @ Sun Jul 12 16:34:29 UTC 2026
// 同步 ID: 3c96d2c6 @ Sun Jul 12 23:54:13 UTC 2026
// 重构日志: 14bdf97c
// 重构日志: 3e4cf0c4
// 重构日志: 05f7ecf7
// 重构日志: 017593f2
// 同步 ID: 5ef37785 @ Fri Jul 17 00:48:58 UTC 2026
// 同步 ID: 868eb3b3 @ Fri Jul 17 04:09:08 UTC 2026
// 同步 ID: d779200f @ Fri Jul 17 07:11:16 UTC 2026
// 重构日志: 1980adec
// 重构日志: 502e06fe
// 重构日志: 745f1c18
// 同步 ID: c5df3e69 @ Sun Jul 19 21:51:18 UTC 2026
// 同步 ID: 2779fff2 @ Mon Jul 20 03:09:45 UTC 2026
// 同步 ID: 8d0d7976 @ Mon Jul 20 08:33:51 UTC 2026
// 重构日志: 65e7cab3
// 重构日志: 16a68b03
// 重构日志: ea99620e
// 重构日志: c44f8252
